0 info it worked if it ends with ok
1 verbose cli [ 'node', '/usr/local/bin/npm', 'install', '-g', 'autosave' ]
2 info using npm@1.4.28
3 info using node@v0.10.33
4 verbose cache add [ 'autosave', null ]
5 verbose cache add name=undefined spec="autosave" args=["autosave",null]
6 verbose parsed url { protocol: null,
6 verbose parsed url   slashes: null,
6 verbose parsed url   auth: null,
6 verbose parsed url   host: null,
6 verbose parsed url   port: null,
6 verbose parsed url   hostname: null,
6 verbose parsed url   hash: null,
6 verbose parsed url   search: null,
6 verbose parsed url   query: null,
6 verbose parsed url   pathname: 'autosave',
6 verbose parsed url   path: 'autosave',
6 verbose parsed url   href: 'autosave' }
7 silly lockFile 20aa73aa-autosave autosave
8 verbose lock autosave /Users/peterhironaka/.npm/20aa73aa-autosave.lock
9 silly lockFile 20aa73aa-autosave autosave
10 silly lockFile 20aa73aa-autosave autosave
11 verbose addNamed [ 'autosave', '' ]
12 verbose addNamed [ null, '*' ]
13 silly lockFile 31f87189-autosave autosave@
14 verbose lock autosave@ /Users/peterhironaka/.npm/31f87189-autosave.lock
15 silly addNameRange { name: 'autosave', range: '*', hasData: false }
16 verbose request where is /autosave
17 verbose request registry https://registry.npmjs.org/
18 verbose request id 1088de44973e00ce
19 verbose url raw /autosave
20 verbose url resolving [ 'https://registry.npmjs.org/', './autosave' ]
21 verbose url resolved https://registry.npmjs.org/autosave
22 verbose request where is https://registry.npmjs.org/autosave
23 info trying registry request attempt 1 at 23:42:43
24 http GET https://registry.npmjs.org/autosave
25 http 200 https://registry.npmjs.org/autosave
26 silly registry.get cb [ 200,
26 silly registry.get   { date: 'Wed, 17 Dec 2014 07:42:43 GMT',
26 silly registry.get     server: 'CouchDB/1.5.0 (Erlang OTP/R16B03)',
26 silly registry.get     etag: '"5CL2R0Y7H2XY7LWMKQAU8YQQL"',
26 silly registry.get     'content-type': 'application/json',
26 silly registry.get     'cache-control': 'max-age=60',
26 silly registry.get     'content-length': '13329',
26 silly registry.get     'accept-ranges': 'bytes',
26 silly registry.get     via: '1.1 varnish',
26 silly registry.get     age: '0',
26 silly registry.get     'x-served-by': 'cache-sjc3125-SJC',
26 silly registry.get     'x-cache': 'MISS',
26 silly registry.get     'x-cache-hits': '0',
26 silly registry.get     'x-timer': 'S1418802163.017824,VS0,VE162',
26 silly registry.get     vary: 'Accept',
26 silly registry.get     'keep-alive': 'timeout=10, max=50',
26 silly registry.get     connection: 'Keep-Alive' } ]
27 silly addNameRange number 2 { name: 'autosave', range: '*', hasData: true }
28 silly addNameRange versions [ 'autosave',
28 silly addNameRange   [ '0.1.0',
28 silly addNameRange     '0.2.0',
28 silly addNameRange     '0.2.1',
28 silly addNameRange     '0.2.2',
28 silly addNameRange     '0.2.3',
28 silly addNameRange     '0.3.0',
28 silly addNameRange     '0.3.1',
28 silly addNameRange     '0.3.2',
28 silly addNameRange     '1.0.0',
28 silly addNameRange     '1.0.1',
28 silly addNameRange     '1.0.2',
28 silly addNameRange     '1.0.3' ] ]
29 verbose addNamed [ 'autosave', '1.0.3' ]
30 verbose addNamed [ '1.0.3', '1.0.3' ]
31 silly lockFile c7af0965-autosave-1-0-3 autosave@1.0.3
32 verbose lock autosave@1.0.3 /Users/peterhironaka/.npm/c7af0965-autosave-1-0-3.lock
33 silly lockFile 44e401be--org-autosave-autosave-1-0-3-tgz https://registry.npmjs.org/autosave/-/autosave-1.0.3.tgz
34 verbose lock https://registry.npmjs.org/autosave/-/autosave-1.0.3.tgz /Users/peterhironaka/.npm/44e401be--org-autosave-autosave-1-0-3-tgz.lock
35 verbose addRemoteTarball [ 'https://registry.npmjs.org/autosave/-/autosave-1.0.3.tgz',
35 verbose addRemoteTarball   '212bb1c41f5a9a427679610335e0a21858ab07d0' ]
36 info retry fetch attempt 1 at 23:42:43
37 verbose fetch to= /var/folders/mn/7z3ncxvx4rj3vnm5l1l5xwvh0000gn/T/npm-35151-hE3iYLli/registry.npmjs.org/autosave/-/autosave-1.0.3.tgz
38 http GET https://registry.npmjs.org/autosave/-/autosave-1.0.3.tgz
39 http 200 https://registry.npmjs.org/autosave/-/autosave-1.0.3.tgz
40 silly lockFile 44e401be--org-autosave-autosave-1-0-3-tgz https://registry.npmjs.org/autosave/-/autosave-1.0.3.tgz
41 silly lockFile 44e401be--org-autosave-autosave-1-0-3-tgz https://registry.npmjs.org/autosave/-/autosave-1.0.3.tgz
42 silly lockFile c7af0965-autosave-1-0-3 autosave@1.0.3
43 silly lockFile c7af0965-autosave-1-0-3 autosave@1.0.3
44 silly lockFile 31f87189-autosave autosave@
45 silly lockFile 31f87189-autosave autosave@
46 silly resolved [ { name: 'autosave',
46 silly resolved     version: '1.0.3',
46 silly resolved     description: 'A server for Chrome Devtools Autosave (https://github.com/NV/chrome-devtools-autosave)',
46 silly resolved     keywords: [ 'devtools' ],
46 silly resolved     bin: { autosave: './bin/autosave' },
46 silly resolved     scripts:
46 silly resolved      { autostart: './scripts/autostart.sh',
46 silly resolved        install: 'node ./scripts/install.js' },
46 silly resolved     preferGlobal: true,
46 silly resolved     author: { name: 'Nikita Vasilyev', email: 'me@elv1s.ru' },
46 silly resolved     main: 'index',
46 silly resolved     engines: { node: '>= 0.4.x' },
46 silly resolved     repository:
46 silly resolved      { type: 'git',
46 silly resolved        url: 'git://github.com/NV/chrome-devtools-autosave-server.git' },
46 silly resolved     bugs: { url: 'https://github.com/NV/chrome-devtools-autosave-server/issues' },
46 silly resolved     dependencies: { commander: '0.5.x' },
46 silly resolved     readme: 'A server for **[chrome-devtools-autosave](https://github.com/NV/chrome-devtools-autosave)**.\n\n## Installation\n\n1. Install [Node.js](http://nodejs.org/)\n2. Open a terminal (Terminal.app on Mac OS X, cmd.exe on Windows)\n3. Run `npm install -g autosave`\n\n> It fails with "Error: EACCES, permission denied". What should I do?\n\nRun the same command as an administrator. On Mac OS X and Linux it would be `sudo npm install -g autosave`.\n\n## Usage\n\nRun `autosave` in the terminal.\nYou should see something like "DevTools Autosave is running on http://127.0.0.1:9104".\n\n> It doesn’t work on Windows. I’m having `\'autosave\' is not recognized as an internal or external command`\n\nHave you tried turn it it off and on again? Seriously, restart the system.\n\n## Run on OS launch\n\nIt might be annoying to open a terminal and type "autosave↵" every time you need to run Autosave. On Mac OS X and Ubuntu you can run Autosave on OS launch as a <a href="http://en.wikipedia.org/wiki/Daemon_(computing)">daemon</a>. To do so run:\n\n    npm run-script -g autosave autostart\n\nIt is [not yet available](https://github.com/NV/chrome-devtools-autosave-server/issues/9) on other operation systems.\n',
46 silly resolved     readmeFilename: 'README.mdown',
46 silly resolved     _id: 'autosave@1.0.3',
46 silly resolved     dist:
46 silly resolved      { shasum: '212bb1c41f5a9a427679610335e0a21858ab07d0',
46 silly resolved        tarball: 'http://registry.npmjs.org/autosave/-/autosave-1.0.3.tgz' },
46 silly resolved     _npmVersion: '1.1.65',
46 silly resolved     _npmUser: { name: 'nv', email: 'me@elv1s.ru' },
46 silly resolved     maintainers: [ [Object] ],
46 silly resolved     directories: {},
46 silly resolved     _shasum: '212bb1c41f5a9a427679610335e0a21858ab07d0',
46 silly resolved     _from: 'autosave@',
46 silly resolved     _resolved: 'https://registry.npmjs.org/autosave/-/autosave-1.0.3.tgz' } ]
47 info install autosave@1.0.3 into /usr/local/lib
48 info installOne autosave@1.0.3
49 verbose lib/node_modules/autosave unbuild
50 verbose tar unpack /Users/peterhironaka/.npm/autosave/1.0.3/package.tgz
51 silly lockFile 6b188daf--local-lib-node-modules-autosave tar:///usr/local/lib/node_modules/autosave
52 verbose lock tar:///usr/local/lib/node_modules/autosave /Users/peterhironaka/.npm/6b188daf--local-lib-node-modules-autosave.lock
53 silly lockFile 49d71339-a-npm-autosave-1-0-3-package-tgz tar:///Users/peterhironaka/.npm/autosave/1.0.3/package.tgz
54 verbose lock tar:///Users/peterhironaka/.npm/autosave/1.0.3/package.tgz /Users/peterhironaka/.npm/49d71339-a-npm-autosave-1-0-3-package-tgz.lock
55 silly gunzTarPerm modes [ '755', '644' ]
56 error Error: EACCES, mkdir '/usr/local/lib/node_modules/autosave'
56 error  { [Error: EACCES, mkdir '/usr/local/lib/node_modules/autosave']
56 error   errno: 3,
56 error   code: 'EACCES',
56 error   path: '/usr/local/lib/node_modules/autosave',
56 error   fstream_type: 'Directory',
56 error   fstream_path: '/usr/local/lib/node_modules/autosave',
56 error   fstream_class: 'DirWriter',
56 error   fstream_stack:
56 error    [ '/usr/local/lib/node_modules/npm/node_modules/fstream/lib/dir-writer.js:36:23',
56 error      '/usr/local/lib/node_modules/npm/node_modules/mkdirp/index.js:46:53',
56 error      'Object.oncomplete (fs.js:107:15)' ] }
57 error Please try running this command again as root/Administrator.
58 error System Darwin 14.0.0
59 error command "node" "/usr/local/bin/npm" "install" "-g" "autosave"
60 error cwd /Users/peterhironaka/Portfolio/TMC
61 error node -v v0.10.33
62 error npm -v 1.4.28
63 error path /usr/local/lib/node_modules/autosave
64 error fstream_path /usr/local/lib/node_modules/autosave
65 error fstream_type Directory
66 error fstream_class DirWriter
67 error code EACCES
68 error errno 3
69 error stack Error: EACCES, mkdir '/usr/local/lib/node_modules/autosave'
70 error fstream_stack /usr/local/lib/node_modules/npm/node_modules/fstream/lib/dir-writer.js:36:23
70 error fstream_stack /usr/local/lib/node_modules/npm/node_modules/mkdirp/index.js:46:53
70 error fstream_stack Object.oncomplete (fs.js:107:15)
71 verbose exit [ 3, true ]
